<?xml version="1.0" encoding="UTF-8"?>
<!-- Generated by org.testng.reporters.JUnitReportReporter -->
<testsuite hostname="LAPTOP-Q23M30KF" failures="0" tests="2" name="test.kienlhpc05751.LamMoiKhuyenMai" time="15.371" errors="0" timestamp="2024-04-14T13:32:08 ICT" skipped="0">
  <testcase classname="test.kienlhpc05751.LamMoiKhuyenMai" name="lamMoiKhuyenmai" time="8.244"/>
  <system-out/>
  <testcase classname="test.kienlhpc05751.LamMoiKhuyenMai" name="lamMoiKhuyenmai3" time="7.127"/>
  <system-out/>
</testsuite> <!-- test.kienlhpc05751.LamMoiKhuyenMai -->
