<?xml version="1.0" encoding="UTF-8"?>
<!-- Generated by org.testng.reporters.JUnitReportReporter -->
<testsuite hostname="VanKha04" failures="0" tests="1" name="test.LoginTest" time="13.132" errors="0" timestamp="2024-04-13T21:53:18 ICT" skipped="0">
  <testcase classname="test.LoginTest" name="f" time="13.132"/>
  <system-out/>
</testsuite> <!-- test.LoginTest -->
