<?xml version="1.0" encoding="UTF-8"?>
<!-- Generated by org.testng.reporters.JUnitReportReporter -->
<testsuite hostname="LAPTOP-2OILQO93" failures="0" tests="1" name="testing.NewTest" time="0.011" errors="0" timestamp="2024-04-05T23:13:59 ICT" skipped="0">
  <testcase classname="testing.NewTest" name="f" time="0.011"/>
</testsuite> <!-- testing.NewTest -->
