<?xml version="1.0" encoding="UTF-8"?>
<!-- Generated by org.testng.reporters.JUnitReportReporter -->
<testsuite hostname="LAPTOP-Q23M30KF" failures="0" tests="1" name="test.kienlhpc05751.LamMoiKhuyenMai" time="8.913" errors="0" timestamp="2024-04-14T10:40:14 ICT" skipped="0">
  <testcase classname="test.kienlhpc05751.LamMoiKhuyenMai" name="lamMoiKhuyenmai" time="8.913"/>
  <system-out/>
</testsuite> <!-- test.kienlhpc05751.LamMoiKhuyenMai -->
