<?xml version="1.0" encoding="UTF-8"?>
<!-- Generated by org.testng.reporters.JUnitReportReporter -->
<testsuite hostname="kimtuyen123" failures="0" tests="73" name="test.tuyennhkpc05660.ChiTieu_Test" time="0.914" errors="1" timestamp="2024-04-16T16:39:11 ICT" skipped="72">
  <testcase classname="test.tuyennhkpc05660.ChiTieu_Test" name="beforeClass" time="0.914">
    <error message="com.microsoft.sqlserver.jdbc.SQLServerException: Login failed for user &#039;sa&#039;. ClientConnectionId:a0065f16-3e13-4b45-b73d-3f4a1bcd420c" type="java.lang.RuntimeException">
      <![CDATA[java.lang.RuntimeException: com.microsoft.sqlserver.jdbc.SQLServerException: Login failed for user 'sa'. ClientConnectionId:a0065f16-3e13-4b45-b73d-3f4a1bcd420c
at com.Helper.JDBC.getStmt(JDBC.java:59)
at com.Helper.JDBC.query(JDBC.java:86)
at com.Dao.nhanVienDao.selectBySql(nhanVienDao.java:86)
at com.Dao.nhanVienDao.selectById(nhanVienDao.java:77)
at com.form.DangNhap.login(DangNhap.java:73)
at test.tuyennhkpc05660.ChiTieu_Test.beforeClass(ChiTieu_Test.java:45)
at java.base/jdk.internal.reflect.DirectMethodHandleAccessor.invoke(DirectMethodHandleAccessor.java:103)
at java.base/java.lang.reflect.Method.invoke(Method.java:580)
at org.testng.internal.MethodInvocationHelper.invokeMethod(MethodInvocationHelper.java:133)
at org.testng.internal.MethodInvocationHelper.invokeMethodConsideringTimeout(MethodInvocationHelper.java:62)
at org.testng.internal.ConfigInvoker.invokeConfigurationMethod(ConfigInvoker.java:385)
at org.testng.internal.ConfigInvoker.invokeConfigurations(ConfigInvoker.java:321)
at org.testng.internal.TestMethodWorker.invokeBeforeClassMethods(TestMethodWorker.java:176)
at org.testng.internal.TestMethodWorker.run(TestMethodWorker.java:122)
at java.base/java.util.ArrayList.forEach(ArrayList.java:1596)
at org.testng.TestRunner.privateRun(TestRunner.java:794)
at org.testng.TestRunner.run(TestRunner.java:596)
at org.testng.SuiteRunner.runTest(SuiteRunner.java:377)
at org.testng.SuiteRunner.runSequentially(SuiteRunner.java:371)
at org.testng.SuiteRunner.privateRun(SuiteRunner.java:332)
at org.testng.SuiteRunner.run(SuiteRunner.java:276)
at org.testng.SuiteRunnerWorker.runSuite(SuiteRunnerWorker.java:53)
at org.testng.SuiteRunnerWorker.run(SuiteRunnerWorker.java:96)
at org.testng.TestNG.runSuitesSequentially(TestNG.java:1212)
at org.testng.TestNG.runSuitesLocally(TestNG.java:1134)
at org.testng.TestNG.runSuites(TestNG.java:1063)
at org.testng.TestNG.run(TestNG.java:1031)
at org.testng.remote.AbstractRemoteTestNG.run(AbstractRemoteTestNG.java:115)
at org.testng.remote.RemoteTestNG.initAndRun(RemoteTestNG.java:251)
at org.testng.remote.RemoteTestNG.main(RemoteTestNG.java:77)
Caused by: com.microsoft.sqlserver.jdbc.SQLServerException: Login failed for user 'sa'. ClientConnectionId:a0065f16-3e13-4b45-b73d-3f4a1bcd420c
at com.microsoft.sqlserver.jdbc.SQLServerException.makeFromDatabaseError(SQLServerException.java:265)
at com.microsoft.sqlserver.jdbc.TDSTokenHandler.onEOF(tdsparser.java:305)
at com.microsoft.sqlserver.jdbc.TDSParser.parse(tdsparser.java:138)
at com.microsoft.sqlserver.jdbc.TDSParser.parse(tdsparser.java:42)
at com.microsoft.sqlserver.jdbc.SQLServerConnection.sendLogon(SQLServerConnection.java:6490)
at com.microsoft.sqlserver.jdbc.SQLServerConnection.logon(SQLServerConnection.java:5068)
at com.microsoft.sqlserver.jdbc.SQLServerConnection$LogonCommand.doExecute(SQLServerConnection.java:5002)
at com.microsoft.sqlserver.jdbc.TDSCommand.execute(IOBuffer.java:7685)
at com.microsoft.sqlserver.jdbc.SQLServerConnection.executeCommand(SQLServerConnection.java:4048)
at com.microsoft.sqlserver.jdbc.SQLServerConnection.connectHelper(SQLServerConnection.java:3487)
at com.microsoft.sqlserver.jdbc.SQLServerConnection.login(SQLServerConnection.java:3077)
at com.microsoft.sqlserver.jdbc.SQLServerConnection.connectInternal(SQLServerConnection.java:2919)
at com.microsoft.sqlserver.jdbc.SQLServerConnection.connect(SQLServerConnection.java:1787)
at com.microsoft.sqlserver.jdbc.SQLServerDriver.connect(SQLServerDriver.java:1229)
at java.sql/java.sql.DriverManager.getConnection(DriverManager.java:683)
at java.sql/java.sql.DriverManager.getConnection(DriverManager.java:253)
at com.Helper.JDBC.getStmt(JDBC.java:47)
... 29 more
]]>
    </error>
  </testcase> <!-- beforeClass -->
  <system-out/>
  <testcase classname="test.tuyennhkpc05660.ChiTieu_Test" name="Click" time="0.000">
    <skipped/>
  </testcase> <!-- Click -->
  <system-out/>
  <testcase classname="test.tuyennhkpc05660.ChiTieu_Test" name="checkAccount" time="0.000">
    <skipped/>
  </testcase> <!-- checkAccount -->
  <system-out/>
  <testcase classname="test.tuyennhkpc05660.ChiTieu_Test" name="Huy" time="0.000">
    <skipped/>
  </testcase> <!-- Huy -->
  <system-out/>
  <testcase classname="test.tuyennhkpc05660.ChiTieu_Test" name="checkInsert" time="0.000">
    <skipped/>
  </testcase> <!-- checkInsert -->
  <system-out/>
  <testcase classname="test.tuyennhkpc05660.ChiTieu_Test" name="checkInsert" time="0.000">
    <skipped/>
  </testcase> <!-- checkInsert -->
  <system-out/>
  <testcase classname="test.tuyennhkpc05660.ChiTieu_Test" name="checkInsert" time="0.000">
    <skipped/>
  </testcase> <!-- checkInsert -->
  <system-out/>
  <testcase classname="test.tuyennhkpc05660.ChiTieu_Test" name="checkInsert" time="0.000">
    <skipped/>
  </testcase> <!-- checkInsert -->
  <system-out/>
  <testcase classname="test.tuyennhkpc05660.ChiTieu_Test" name="checkInsert" time="0.000">
    <skipped/>
  </testcase> <!-- checkInsert -->
  <system-out/>
  <testcase classname="test.tuyennhkpc05660.ChiTieu_Test" name="checkInsert" time="0.000">
    <skipped/>
  </testcase> <!-- checkInsert -->
  <system-out/>
  <testcase classname="test.tuyennhkpc05660.ChiTieu_Test" name="checkInsert" time="0.000">
    <skipped/>
  </testcase> <!-- checkInsert -->
  <system-out/>
  <testcase classname="test.tuyennhkpc05660.ChiTieu_Test" name="checkInsert" time="0.000">
    <skipped/>
  </testcase> <!-- checkInsert -->
  <system-out/>
  <testcase classname="test.tuyennhkpc05660.ChiTieu_Test" name="checkInsert" time="0.000">
    <skipped/>
  </testcase> <!-- checkInsert -->
  <system-out/>
  <testcase classname="test.tuyennhkpc05660.ChiTieu_Test" name="checkInsert" time="0.000">
    <skipped/>
  </testcase> <!-- checkInsert -->
  <system-out/>
  <testcase classname="test.tuyennhkpc05660.ChiTieu_Test" name="checkClear" time="0.000">
    <skipped/>
  </testcase> <!-- checkClear -->
  <system-out/>
  <testcase classname="test.tuyennhkpc05660.ChiTieu_Test" name="Fill" time="0.000">
    <skipped/>
  </testcase> <!-- Fill -->
  <system-out/>
  <testcase classname="test.tuyennhkpc05660.ChiTieu_Test" name="Fill" time="0.000">
    <skipped/>
  </testcase> <!-- Fill -->
  <system-out/>
  <testcase classname="test.tuyennhkpc05660.ChiTieu_Test" name="Fill" time="0.000">
    <skipped/>
  </testcase> <!-- Fill -->
  <system-out/>
  <testcase classname="test.tuyennhkpc05660.ChiTieu_Test" name="Fill" time="0.000">
    <skipped/>
  </testcase> <!-- Fill -->
  <system-out/>
  <testcase classname="test.tuyennhkpc05660.ChiTieu_Test" name="Fill" time="0.000">
    <skipped/>
  </testcase> <!-- Fill -->
  <system-out/>
  <testcase classname="test.tuyennhkpc05660.ChiTieu_Test" name="Fill" time="0.000">
    <skipped/>
  </testcase> <!-- Fill -->
  <system-out/>
  <testcase classname="test.tuyennhkpc05660.ChiTieu_Test" name="Fill" time="0.000">
    <skipped/>
  </testcase> <!-- Fill -->
  <system-out/>
  <testcase classname="test.tuyennhkpc05660.ChiTieu_Test" name="Fill" time="0.000">
    <skipped/>
  </testcase> <!-- Fill -->
  <system-out/>
  <testcase classname="test.tuyennhkpc05660.ChiTieu_Test" name="Fill" time="0.000">
    <skipped/>
  </testcase> <!-- Fill -->
  <system-out/>
  <testcase classname="test.tuyennhkpc05660.ChiTieu_Test" name="Fill" time="0.000">
    <skipped/>
  </testcase> <!-- Fill -->
  <system-out/>
  <testcase classname="test.tuyennhkpc05660.ChiTieu_Test" name="Fill" time="0.000">
    <skipped/>
  </testcase> <!-- Fill -->
  <system-out/>
  <testcase classname="test.tuyennhkpc05660.ChiTieu_Test" name="Fill" time="0.000">
    <skipped/>
  </testcase> <!-- Fill -->
  <system-out/>
  <testcase classname="test.tuyennhkpc05660.ChiTieu_Test" name="Fill" time="0.000">
    <skipped/>
  </testcase> <!-- Fill -->
  <system-out/>
  <testcase classname="test.tuyennhkpc05660.ChiTieu_Test" name="Fill" time="0.000">
    <skipped/>
  </testcase> <!-- Fill -->
  <system-out/>
  <testcase classname="test.tuyennhkpc05660.ChiTieu_Test" name="Fill" time="0.000">
    <skipped/>
  </testcase> <!-- Fill -->
  <system-out/>
  <testcase classname="test.tuyennhkpc05660.ChiTieu_Test" name="Fill" time="0.000">
    <skipped/>
  </testcase> <!-- Fill -->
  <system-out/>
  <testcase classname="test.tuyennhkpc05660.ChiTieu_Test" name="Fill" time="0.000">
    <skipped/>
  </testcase> <!-- Fill -->
  <system-out/>
  <testcase classname="test.tuyennhkpc05660.ChiTieu_Test" name="Fill" time="0.000">
    <skipped/>
  </testcase> <!-- Fill -->
  <system-out/>
  <testcase classname="test.tuyennhkpc05660.ChiTieu_Test" name="Fill" time="0.000">
    <skipped/>
  </testcase> <!-- Fill -->
  <system-out/>
  <testcase classname="test.tuyennhkpc05660.ChiTieu_Test" name="Fill" time="0.000">
    <skipped/>
  </testcase> <!-- Fill -->
  <system-out/>
  <testcase classname="test.tuyennhkpc05660.ChiTieu_Test" name="Fill" time="0.000">
    <skipped/>
  </testcase> <!-- Fill -->
  <system-out/>
  <testcase classname="test.tuyennhkpc05660.ChiTieu_Test" name="Fill" time="0.000">
    <skipped/>
  </testcase> <!-- Fill -->
  <system-out/>
  <testcase classname="test.tuyennhkpc05660.ChiTieu_Test" name="Fill" time="0.000">
    <skipped/>
  </testcase> <!-- Fill -->
  <system-out/>
  <testcase classname="test.tuyennhkpc05660.ChiTieu_Test" name="Fill" time="0.000">
    <skipped/>
  </testcase> <!-- Fill -->
  <system-out/>
  <testcase classname="test.tuyennhkpc05660.ChiTieu_Test" name="Fill" time="0.000">
    <skipped/>
  </testcase> <!-- Fill -->
  <system-out/>
  <testcase classname="test.tuyennhkpc05660.ChiTieu_Test" name="Fill" time="0.000">
    <skipped/>
  </testcase> <!-- Fill -->
  <system-out/>
  <testcase classname="test.tuyennhkpc05660.ChiTieu_Test" name="Fill" time="0.000">
    <skipped/>
  </testcase> <!-- Fill -->
  <system-out/>
  <testcase classname="test.tuyennhkpc05660.ChiTieu_Test" name="Fill" time="0.000">
    <skipped/>
  </testcase> <!-- Fill -->
  <system-out/>
  <testcase classname="test.tuyennhkpc05660.ChiTieu_Test" name="Fill" time="0.000">
    <skipped/>
  </testcase> <!-- Fill -->
  <system-out/>
  <testcase classname="test.tuyennhkpc05660.ChiTieu_Test" name="Fill" time="0.000">
    <skipped/>
  </testcase> <!-- Fill -->
  <system-out/>
  <testcase classname="test.tuyennhkpc05660.ChiTieu_Test" name="Fill" time="0.000">
    <skipped/>
  </testcase> <!-- Fill -->
  <system-out/>
  <testcase classname="test.tuyennhkpc05660.ChiTieu_Test" name="Fill" time="0.000">
    <skipped/>
  </testcase> <!-- Fill -->
  <system-out/>
  <testcase classname="test.tuyennhkpc05660.ChiTieu_Test" name="Fill" time="0.000">
    <skipped/>
  </testcase> <!-- Fill -->
  <system-out/>
  <testcase classname="test.tuyennhkpc05660.ChiTieu_Test" name="Fill" time="0.000">
    <skipped/>
  </testcase> <!-- Fill -->
  <system-out/>
  <testcase classname="test.tuyennhkpc05660.ChiTieu_Test" name="Fill" time="0.000">
    <skipped/>
  </testcase> <!-- Fill -->
  <system-out/>
  <testcase classname="test.tuyennhkpc05660.ChiTieu_Test" name="Fill" time="0.000">
    <skipped/>
  </testcase> <!-- Fill -->
  <system-out/>
  <testcase classname="test.tuyennhkpc05660.ChiTieu_Test" name="Fill" time="0.000">
    <skipped/>
  </testcase> <!-- Fill -->
  <system-out/>
  <testcase classname="test.tuyennhkpc05660.ChiTieu_Test" name="Fill" time="0.000">
    <skipped/>
  </testcase> <!-- Fill -->
  <system-out/>
  <testcase classname="test.tuyennhkpc05660.ChiTieu_Test" name="Fill" time="0.000">
    <skipped/>
  </testcase> <!-- Fill -->
  <system-out/>
  <testcase classname="test.tuyennhkpc05660.ChiTieu_Test" name="Fill" time="0.000">
    <skipped/>
  </testcase> <!-- Fill -->
  <system-out/>
  <testcase classname="test.tuyennhkpc05660.ChiTieu_Test" name="Fill" time="0.000">
    <skipped/>
  </testcase> <!-- Fill -->
  <system-out/>
  <testcase classname="test.tuyennhkpc05660.ChiTieu_Test" name="Fill" time="0.000">
    <skipped/>
  </testcase> <!-- Fill -->
  <system-out/>
  <testcase classname="test.tuyennhkpc05660.ChiTieu_Test" name="Fill" time="0.000">
    <skipped/>
  </testcase> <!-- Fill -->
  <system-out/>
  <testcase classname="test.tuyennhkpc05660.ChiTieu_Test" name="Fill" time="0.000">
    <skipped/>
  </testcase> <!-- Fill -->
  <system-out/>
  <testcase classname="test.tuyennhkpc05660.ChiTieu_Test" name="Fill" time="0.000">
    <skipped/>
  </testcase> <!-- Fill -->
  <system-out/>
  <testcase classname="test.tuyennhkpc05660.ChiTieu_Test" name="Fill" time="0.000">
    <skipped/>
  </testcase> <!-- Fill -->
  <system-out/>
  <testcase classname="test.tuyennhkpc05660.ChiTieu_Test" name="Fill" time="0.000">
    <skipped/>
  </testcase> <!-- Fill -->
  <system-out/>
  <testcase classname="test.tuyennhkpc05660.ChiTieu_Test" name="Fill" time="0.000">
    <skipped/>
  </testcase> <!-- Fill -->
  <system-out/>
  <testcase classname="test.tuyennhkpc05660.ChiTieu_Test" name="Fill" time="0.000">
    <skipped/>
  </testcase> <!-- Fill -->
  <system-out/>
  <testcase classname="test.tuyennhkpc05660.ChiTieu_Test" name="Fill" time="0.000">
    <skipped/>
  </testcase> <!-- Fill -->
  <system-out/>
  <testcase classname="test.tuyennhkpc05660.ChiTieu_Test" name="Fill" time="0.000">
    <skipped/>
  </testcase> <!-- Fill -->
  <system-out/>
  <testcase classname="test.tuyennhkpc05660.ChiTieu_Test" name="Fill" time="0.000">
    <skipped/>
  </testcase> <!-- Fill -->
  <system-out/>
  <testcase classname="test.tuyennhkpc05660.ChiTieu_Test" name="Fill" time="0.000">
    <skipped/>
  </testcase> <!-- Fill -->
  <system-out/>
  <testcase classname="test.tuyennhkpc05660.ChiTieu_Test" name="Fill" time="0.000">
    <skipped/>
  </testcase> <!-- Fill -->
  <system-out/>
  <testcase classname="test.tuyennhkpc05660.ChiTieu_Test" name="Fill" time="0.000">
    <skipped/>
  </testcase> <!-- Fill -->
  <system-out/>
  <testcase classname="test.tuyennhkpc05660.ChiTieu_Test" name="Fill" time="0.000">
    <skipped/>
  </testcase> <!-- Fill -->
  <system-out/>
  <testcase classname="test.tuyennhkpc05660.ChiTieu_Test" name="Fill" time="0.000">
    <skipped/>
  </testcase> <!-- Fill -->
  <system-out/>
  <testcase classname="test.tuyennhkpc05660.ChiTieu_Test" name="Fill" time="0.000">
    <skipped/>
  </testcase> <!-- Fill -->
  <system-out/>
</testsuite> <!-- test.tuyennhkpc05660.ChiTieu_Test -->
