<?xml version="1.0" encoding="UTF-8"?>
<!-- Generated by org.testng.reporters.JUnitReportReporter -->
<testsuite hostname="LAPTOP-Q23M30KF" failures="0" tests="4" name="test.kienlhpc05751.QuenMatKhau" time="2059.604" errors="0" timestamp="2024-04-16T15:46:44 ICT" skipped="0">
  <testcase classname="test.kienlhpc05751.QuenMatKhau" name="TC_QLF_QuenMK1" time="3.887"/>
  <system-out/>
  <testcase classname="test.kienlhpc05751.QuenMatKhau" name="LoginTestNull" time="168.391"/>
  <system-out/>
  <testcase classname="test.kienlhpc05751.QuenMatKhau" name="TC_QLF_QuenMK81" time="1881.654"/>
  <system-out/>
  <testcase classname="test.kienlhpc05751.QuenMatKhau" name="TC_QLF_QuenMK91" time="5.672"/>
  <system-out/>
</testsuite> <!-- test.kienlhpc05751.QuenMatKhau -->
