<?xml version="1.0" encoding="UTF-8"?>
<!-- Generated by org.testng.reporters.JUnitReportReporter -->
<testsuite hostname="LAPTOP" failures="0" tests="1" name="test.kienlhpc05751.LamMoiKhuyenMai" time="9.710" errors="0" timestamp="2024-04-16T22:40:32 ICT" skipped="0">
  <testcase classname="test.kienlhpc05751.LamMoiKhuyenMai" name="lamMoiKhuyenmai" time="9.710"/>
</testsuite> <!-- test.kienlhpc05751.LamMoiKhuyenMai -->
