<?xml version="1.0" encoding="UTF-8"?>
<!-- Generated by org.testng.reporters.JUnitReportReporter -->
<testsuite hostname="VanKha04" failures="0" tests="1" name="com.untils.Test" time="13.993" errors="0" timestamp="2024-04-13T20:16:39 ICT" skipped="0">
  <testcase classname="com.untils.Test" name="Test" time="13.993"/>
  <system-out/>
</testsuite> <!-- com.untils.Test -->
