<?xml version="1.0" encoding="UTF-8"?>
<!-- Generated by org.testng.reporters.JUnitReportReporter -->
<testsuite hostname="LAPTOP-Q23M30KF" failures="1" tests="13" name="test.kienlhpc05751.QuenMatKhau" time="46.810" errors="0" timestamp="2024-04-14T17:04:30 ICT" skipped="0">
  <testcase classname="test.kienlhpc05751.QuenMatKhau" name="test_TK_Email_KhongTonTai" time="2.856"/>
  <system-out/>
  <testcase classname="test.kienlhpc05751.QuenMatKhau" name="test_TK_Email_KhongKhop" time="0.734"/>
  <system-out/>
  <testcase classname="test.kienlhpc05751.QuenMatKhau" name="test_GuiMailThatBai" time="1.361">
    <failure message="expected [null] but found [Lỗi khi gửi email. Vui lòng thử lại sau.]" type="java.lang.AssertionError">
      <![CDATA[java.lang.AssertionError: expected [null] but found [Lỗi khi gửi email. Vui lòng thử lại sau.]
at org.testng.Assert.fail(Assert.java:99)
at org.testng.Assert.failNotEquals(Assert.java:1037)
at org.testng.Assert.assertEqualsImpl(Assert.java:140)
at org.testng.Assert.assertEquals(Assert.java:122)
at org.testng.Assert.assertEquals(Assert.java:629)
at org.testng.Assert.assertEquals(Assert.java:639)
at test.kienlhpc05751.QuenMatKhau.test_GuiMailThatBai(QuenMatKhau.java:51)
at java.base/jdk.internal.reflect.DirectMethodHandleAccessor.invoke(DirectMethodHandleAccessor.java:103)
at java.base/java.lang.reflect.Method.invoke(Method.java:580)
at org.testng.internal.MethodInvocationHelper.invokeMethod(MethodInvocationHelper.java:133)
at org.testng.internal.TestInvoker.invokeMethod(TestInvoker.java:598)
at org.testng.internal.TestInvoker.invokeTestMethod(TestInvoker.java:173)
at org.testng.internal.MethodRunner.runInSequence(MethodRunner.java:46)
at org.testng.internal.TestInvoker$MethodInvocationAgent.invoke(TestInvoker.java:824)
at org.testng.internal.TestInvoker.invokeTestMethods(TestInvoker.java:146)
at org.testng.internal.TestMethodWorker.invokeTestMethods(TestMethodWorker.java:146)
at org.testng.internal.TestMethodWorker.run(TestMethodWorker.java:128)
at java.base/java.util.ArrayList.forEach(ArrayList.java:1596)
at org.testng.TestRunner.privateRun(TestRunner.java:794)
at org.testng.TestRunner.run(TestRunner.java:596)
at org.testng.SuiteRunner.runTest(SuiteRunner.java:377)
at org.testng.SuiteRunner.runSequentially(SuiteRunner.java:371)
at org.testng.SuiteRunner.privateRun(SuiteRunner.java:332)
at org.testng.SuiteRunner.run(SuiteRunner.java:276)
at org.testng.SuiteRunnerWorker.runSuite(SuiteRunnerWorker.java:53)
at org.testng.SuiteRunnerWorker.run(SuiteRunnerWorker.java:96)
at org.testng.TestNG.runSuitesSequentially(TestNG.java:1212)
at org.testng.TestNG.runSuitesLocally(TestNG.java:1134)
at org.testng.TestNG.runSuites(TestNG.java:1063)
at org.testng.TestNG.run(TestNG.java:1031)
at org.testng.remote.AbstractRemoteTestNG.run(AbstractRemoteTestNG.java:115)
at org.testng.remote.RemoteTestNG.initAndRun(RemoteTestNG.java:251)
at org.testng.remote.RemoteTestNG.main(RemoteTestNG.java:77)
]]>
    </failure>
  </testcase> <!-- test_GuiMailThatBai -->
  <system-out/>
  <testcase classname="test.kienlhpc05751.QuenMatKhau" name="test_MaXacThucDung" time="2.339"/>
  <system-out/>
  <testcase classname="test.kienlhpc05751.QuenMatKhau" name="test_MaXacThucSai" time="1.814"/>
  <system-out/>
  <testcase classname="test.kienlhpc05751.QuenMatKhau" name="test_NhapThieuThongTin" time="2.589"/>
  <system-out/>
  <testcase classname="test.kienlhpc05751.QuenMatKhau" name="test_NhapThieuEmail" time="2.476"/>
  <system-out/>
  <testcase classname="test.kienlhpc05751.QuenMatKhau" name="test_EmailKhongHopLe" time="3.423"/>
  <system-out/>
  <testcase classname="test.kienlhpc05751.QuenMatKhau" name="test_ChuaNhapMaXacThuc" time="4.309"/>
  <system-out/>
  <testcase classname="test.kienlhpc05751.QuenMatKhau" name="test_MaXacThucTrong" time="5.671"/>
  <system-out/>
  <testcase classname="test.kienlhpc05751.QuenMatKhau" name="test_DoiMatKhau" time="13.377"/>
  <system-out/>
  <testcase classname="test.kienlhpc05751.QuenMatKhau" name="test_LayMaSaiNhapLaiDung" time="3.653"/>
  <system-out/>
  <testcase classname="test.kienlhpc05751.QuenMatKhau" name="test_LayMaDungNhapLaiSai" time="2.208"/>
  <system-out/>
</testsuite> <!-- test.kienlhpc05751.QuenMatKhau -->
