<?xml version="1.0" encoding="UTF-8"?>
<!-- Generated by org.testng.reporters.JUnitReportReporter -->
<testsuite hostname="VanKha04" failures="0" tests="1" name="test.khadv_pc05684.DangXuatTest" time="12.761" errors="0" timestamp="2024-04-16T20:08:08 ICT" skipped="0">
  <testcase classname="test.khadv_pc05684.DangXuatTest" name="testcase" time="12.761"/>
  <system-out/>
</testsuite> <!-- test.khadv_pc05684.DangXuatTest -->
