<?xml version="1.0" encoding="UTF-8"?>
<!-- Generated by org.testng.reporters.JUnitReportReporter -->
<testsuite hostname="LAPTOP" failures="0" tests="1" name="test.MenuTest" time="11.204" errors="0" timestamp="2024-04-13T09:52:43 ICT" skipped="0">
  <testcase classname="test.MenuTest" name="CF_05" time="11.204"/>
</testsuite> <!-- test.MenuTest -->
