<?xml version="1.0" encoding="UTF-8"?>
<!-- Generated by org.testng.reporters.JUnitReportReporter -->
<testsuite hostname="LAPTOP" failures="0" tests="1" name="test.LoginTest" time="8.188" errors="0" timestamp="2024-04-13T09:27:40 ICT" skipped="0">
  <testcase classname="test.LoginTest" name="f" time="8.188"/>
</testsuite> <!-- test.LoginTest -->
