<?xml version="1.0" encoding="UTF-8"?>
<!-- Generated by org.testng.reporters.JUnitReportReporter -->
<testsuite hostname="LAPTOP-Q23M30KF" failures="0" tests="10" name="test.kienlhpc05751.QuenMatKhau" time="60.753" errors="2" timestamp="2024-04-16T21:36:50 ICT" skipped="0">
  <testcase classname="test.kienlhpc05751.QuenMatKhau" name="TC_QLF_QuenMK1" time="4.128"/>
  <system-out/>
  <testcase classname="test.kienlhpc05751.QuenMatKhau" name="TC_QLF_QuenMK2" time="3.068"/>
  <system-out/>
  <testcase classname="test.kienlhpc05751.QuenMatKhau" name="TC_QLF_QuenMK3" time="3.080"/>
  <system-out/>
  <testcase classname="test.kienlhpc05751.QuenMatKhau" name="TC_QLF_QuenMK4" time="3.089"/>
  <system-out/>
  <testcase classname="test.kienlhpc05751.QuenMatKhau" name="TC_QLF_QuenMK5" time="1.640">
    <error message="Cannot invoke &quot;com.form.MatKhauMoi.setVisible(boolean)&quot; because &quot;this.moi&quot; is null" type="java.lang.NullPointerException">
      <![CDATA[java.lang.NullPointerException: Cannot invoke "com.form.MatKhauMoi.setVisible(boolean)" because "this.moi" is null
at test.kienlhpc05751.QuenMatKhau.TC_QLF_QuenMK5(QuenMatKhau.java:202)
at java.base/jdk.internal.reflect.DirectMethodHandleAccessor.invoke(DirectMethodHandleAccessor.java:103)
at java.base/java.lang.reflect.Method.invoke(Method.java:580)
at org.testng.internal.MethodInvocationHelper.invokeMethod(MethodInvocationHelper.java:133)
at org.testng.internal.TestInvoker.invokeMethod(TestInvoker.java:598)
at org.testng.internal.TestInvoker.invokeTestMethod(TestInvoker.java:173)
at org.testng.internal.MethodRunner.runInSequence(MethodRunner.java:46)
at org.testng.internal.TestInvoker$MethodInvocationAgent.invoke(TestInvoker.java:824)
at org.testng.internal.TestInvoker.invokeTestMethods(TestInvoker.java:146)
at org.testng.internal.TestMethodWorker.invokeTestMethods(TestMethodWorker.java:146)
at org.testng.internal.TestMethodWorker.run(TestMethodWorker.java:128)
at java.base/java.util.ArrayList.forEach(ArrayList.java:1596)
at org.testng.TestRunner.privateRun(TestRunner.java:794)
at org.testng.TestRunner.run(TestRunner.java:596)
at org.testng.SuiteRunner.runTest(SuiteRunner.java:377)
at org.testng.SuiteRunner.runSequentially(SuiteRunner.java:371)
at org.testng.SuiteRunner.privateRun(SuiteRunner.java:332)
at org.testng.SuiteRunner.run(SuiteRunner.java:276)
at org.testng.SuiteRunnerWorker.runSuite(SuiteRunnerWorker.java:53)
at org.testng.SuiteRunnerWorker.run(SuiteRunnerWorker.java:96)
at org.testng.TestNG.runSuitesSequentially(TestNG.java:1212)
at org.testng.TestNG.runSuitesLocally(TestNG.java:1134)
at org.testng.TestNG.runSuites(TestNG.java:1063)
at org.testng.TestNG.run(TestNG.java:1031)
at org.testng.remote.AbstractRemoteTestNG.run(AbstractRemoteTestNG.java:115)
at org.testng.remote.RemoteTestNG.initAndRun(RemoteTestNG.java:251)
at org.testng.remote.RemoteTestNG.main(RemoteTestNG.java:77)
]]>
    </error>
  </testcase> <!-- TC_QLF_QuenMK5 -->
  <system-out/>
  <testcase classname="test.kienlhpc05751.QuenMatKhau" name="test_GuiMailThatBai" time="1.489">
    <error message="Cannot invoke &quot;com.form.MatKhauMoi.dispose()&quot; because &quot;this.moi&quot; is null" type="java.lang.NullPointerException">
      <![CDATA[java.lang.NullPointerException: Cannot invoke "com.form.MatKhauMoi.dispose()" because "this.moi" is null
at test.kienlhpc05751.QuenMatKhau.test_GuiMailThatBai(QuenMatKhau.java:232)
at java.base/jdk.internal.reflect.DirectMethodHandleAccessor.invoke(DirectMethodHandleAccessor.java:103)
at java.base/java.lang.reflect.Method.invoke(Method.java:580)
at org.testng.internal.MethodInvocationHelper.invokeMethod(MethodInvocationHelper.java:133)
at org.testng.internal.TestInvoker.invokeMethod(TestInvoker.java:598)
at org.testng.internal.TestInvoker.invokeTestMethod(TestInvoker.java:173)
at org.testng.internal.MethodRunner.runInSequence(MethodRunner.java:46)
at org.testng.internal.TestInvoker$MethodInvocationAgent.invoke(TestInvoker.java:824)
at org.testng.internal.TestInvoker.invokeTestMethods(TestInvoker.java:146)
at org.testng.internal.TestMethodWorker.invokeTestMethods(TestMethodWorker.java:146)
at org.testng.internal.TestMethodWorker.run(TestMethodWorker.java:128)
at java.base/java.util.ArrayList.forEach(ArrayList.java:1596)
at org.testng.TestRunner.privateRun(TestRunner.java:794)
at org.testng.TestRunner.run(TestRunner.java:596)
at org.testng.SuiteRunner.runTest(SuiteRunner.java:377)
at org.testng.SuiteRunner.runSequentially(SuiteRunner.java:371)
at org.testng.SuiteRunner.privateRun(SuiteRunner.java:332)
at org.testng.SuiteRunner.run(SuiteRunner.java:276)
at org.testng.SuiteRunnerWorker.runSuite(SuiteRunnerWorker.java:53)
at org.testng.SuiteRunnerWorker.run(SuiteRunnerWorker.java:96)
at org.testng.TestNG.runSuitesSequentially(TestNG.java:1212)
at org.testng.TestNG.runSuitesLocally(TestNG.java:1134)
at org.testng.TestNG.runSuites(TestNG.java:1063)
at org.testng.TestNG.run(TestNG.java:1031)
at org.testng.remote.AbstractRemoteTestNG.run(AbstractRemoteTestNG.java:115)
at org.testng.remote.RemoteTestNG.initAndRun(RemoteTestNG.java:251)
at org.testng.remote.RemoteTestNG.main(RemoteTestNG.java:77)
]]>
    </error>
  </testcase> <!-- test_GuiMailThatBai -->
  <system-out/>
  <testcase classname="test.kienlhpc05751.QuenMatKhau" name="TC_QLF_QuenMK6" time="32.655"/>
  <system-out/>
  <testcase classname="test.kienlhpc05751.QuenMatKhau" name="TC_QLF_QuenMK7" time="1.834"/>
  <system-out/>
  <testcase classname="test.kienlhpc05751.QuenMatKhau" name="TC_QLF_QuenMK8" time="2.449"/>
  <system-out/>
  <testcase classname="test.kienlhpc05751.QuenMatKhau" name="TC_QLF_QuenMK9" time="7.321"/>
  <system-out/>
</testsuite> <!-- test.kienlhpc05751.QuenMatKhau -->
