<?xml version="1.0" encoding="UTF-8"?>
<!-- Generated by org.testng.reporters.JUnitReportReporter -->
<testsuite hostname="LAPTOP-Q23M30KF" failures="0" tests="1" name="test.DOME.SimpleFrameTest" time="1.700" errors="0" timestamp="2024-04-13T16:34:09 ICT" skipped="0">
  <testcase classname="test.DOME.SimpleFrameTest" name="testSimpleMethod" time="1.700"/>
  <system-out/>
</testsuite> <!-- test.DOME.SimpleFrameTest -->
